2005-07-20 09:14:30,825 - SimpleLog4JLogSystem initialized using logfile 'velocity.log'
2005-07-20 09:14:30,826 - ************************************************************** 
2005-07-20 09:14:30,827 - Starting Jakarta Velocity v1.4
2005-07-20 09:14:30,827 - RuntimeInstance initializing.
2005-07-20 09:14:30,827 - Default Properties File: org/apache/velocity/runtime/defaults/velocity.properties
2005-07-20 09:14:30,827 - Trying to use logger class org.apache.velocity.runtime.log.AvalonLogSystem
2005-07-20 09:14:30,832 - Couldn't find class org.apache.velocity.runtime.log.AvalonLogSystem or necessary supporting classes in classpath. Exception : java.lang.NoClassDefFoundError: org/apache/log/format/Formatter
2005-07-20 09:14:30,832 - Trying to use logger class org.apache.velocity.runtime.log.SimpleLog4JLogSystem
2005-07-20 09:14:30,832 - Using logger class org.apache.velocity.runtime.log.SimpleLog4JLogSystem
2005-07-20 09:14:30,864 - Default ResourceManager initializing. (class org.apache.velocity.runtime.resource.ResourceManagerImpl)
2005-07-20 09:14:30,877 - Resource Loader Instantiated: org.apache.velocity.runtime.resource.loader.ClasspathResourceLoader
2005-07-20 09:14:30,878 - ClasspathResourceLoader : initialization starting.
2005-07-20 09:14:30,878 - ClasspathResourceLoader : initialization complete.
2005-07-20 09:14:30,892 - ResourceCache : initialized. (class org.apache.velocity.runtime.resource.ResourceCacheImpl)
2005-07-20 09:14:30,892 - Default ResourceManager initialization complete.
2005-07-20 09:14:30,905 - Loaded System Directive: org.apache.velocity.runtime.directive.Literal
2005-07-20 09:14:30,918 - Loaded System Directive: org.apache.velocity.runtime.directive.Macro
2005-07-20 09:14:30,944 - Loaded System Directive: org.apache.velocity.runtime.directive.Parse
2005-07-20 09:14:30,954 - Loaded System Directive: org.apache.velocity.runtime.directive.Include
2005-07-20 09:14:30,961 - Loaded System Directive: org.apache.velocity.runtime.directive.Foreach
2005-07-20 09:14:31,100 - Created: 20 parsers.
2005-07-20 09:14:31,172 - Velocimacro : initialization starting.
2005-07-20 09:14:31,173 - Velocimacro : adding VMs from VM library template : VM_global_library.vm
2005-07-20 09:14:31,185 - ResourceManager : unable to find resource 'VM_global_library.vm' in any resource loader.
2005-07-20 09:14:31,185 - Velocimacro : error using  VM library template VM_global_library.vm : org.apache.velocity.exception.ResourceNotFoundException: Unable to find resource 'VM_global_library.vm'
2005-07-20 09:14:31,185 - Velocimacro :  VM library template macro registration complete.
2005-07-20 09:14:31,185 - Velocimacro : allowInline = true : VMs can be defined inline in templates
2005-07-20 09:14:31,185 - Velocimacro : allowInlineToOverride = false : VMs defined inline may NOT replace previous VM definitions
2005-07-20 09:14:31,185 - Velocimacro : allowInlineLocal = false : VMs defined inline will be  global in scope if allowed.
2005-07-20 09:14:31,186 - Velocimacro : messages on  : VM system will output logging messages
2005-07-20 09:14:31,186 - Velocimacro : autoload off  : VM system will not automatically reload global library macros
2005-07-20 09:14:31,186 - Velocimacro : initialization complete.
2005-07-20 09:14:31,187 - Velocity successfully started.
2005-07-20 09:14:31,670 - ResourceManager : found /atom.vm with loader org.apache.velocity.runtime.resource.loader.ClasspathResourceLoader
2005-07-20 09:14:31,674 - org.apache.velocity.runtime.exception.ReferenceException: reference : template = /atom.vm [line 6,column 50] : $baseUrl is not a valid reference.
2005-12-13 09:50:26,865 - SimpleLog4JLogSystem initialized using logfile 'velocity.log'
2005-12-13 09:50:26,888 - ************************************************************** 
2005-12-13 09:50:26,889 - Starting Jakarta Velocity v1.4
2005-12-13 09:50:26,889 - RuntimeInstance initializing.
2005-12-13 09:50:26,889 - Default Properties File: org/apache/velocity/runtime/defaults/velocity.properties
2005-12-13 09:50:26,892 - Trying to use logger class org.apache.velocity.runtime.log.AvalonLogSystem
2005-12-13 09:50:26,893 - Couldn't find class org.apache.velocity.runtime.log.AvalonLogSystem or necessary supporting classes in classpath. Exception : java.lang.NoClassDefFoundError: org/apache/log/format/Formatter
2005-12-13 09:50:26,905 - Trying to use logger class org.apache.velocity.runtime.log.SimpleLog4JLogSystem
2005-12-13 09:50:26,905 - Using logger class org.apache.velocity.runtime.log.SimpleLog4JLogSystem
2005-12-13 09:50:26,970 - Default ResourceManager initializing. (class org.apache.velocity.runtime.resource.ResourceManagerImpl)
2005-12-13 09:50:27,036 - Resource Loader Instantiated: org.apache.velocity.runtime.resource.loader.ClasspathResourceLoader
2005-12-13 09:50:27,038 - ClasspathResourceLoader : initialization starting.
2005-12-13 09:50:27,038 - ClasspathResourceLoader : initialization complete.
2005-12-13 09:50:27,046 - ResourceCache : initialized. (class org.apache.velocity.runtime.resource.ResourceCacheImpl)
2005-12-13 09:50:27,047 - Default ResourceManager initialization complete.
2005-12-13 09:50:27,180 - Loaded System Directive: org.apache.velocity.runtime.directive.Literal
2005-12-13 09:50:27,217 - Loaded System Directive: org.apache.velocity.runtime.directive.Macro
2005-12-13 09:50:27,241 - Loaded System Directive: org.apache.velocity.runtime.directive.Parse
2005-12-13 09:50:27,263 - Loaded System Directive: org.apache.velocity.runtime.directive.Include
2005-12-13 09:50:27,289 - Loaded System Directive: org.apache.velocity.runtime.directive.Foreach
2005-12-13 09:50:27,730 - Created: 20 parsers.
2005-12-13 09:50:27,857 - Velocimacro : initialization starting.
2005-12-13 09:50:27,858 - Velocimacro : adding VMs from VM library template : VM_global_library.vm
2005-12-13 09:50:27,890 - ResourceManager : unable to find resource 'VM_global_library.vm' in any resource loader.
2005-12-13 09:50:27,891 - Velocimacro : error using  VM library template VM_global_library.vm : org.apache.velocity.exception.ResourceNotFoundException: Unable to find resource 'VM_global_library.vm'
2005-12-13 09:50:27,891 - Velocimacro :  VM library template macro registration complete.
2005-12-13 09:50:27,891 - Velocimacro : allowInline = true : VMs can be defined inline in templates
2005-12-13 09:50:27,892 - Velocimacro : allowInlineToOverride = false : VMs defined inline may NOT replace previous VM definitions
2005-12-13 09:50:27,892 - Velocimacro : allowInlineLocal = false : VMs defined inline will be  global in scope if allowed.
2005-12-13 09:50:27,892 - Velocimacro : messages on  : VM system will output logging messages
2005-12-13 09:50:27,892 - Velocimacro : autoload off  : VM system will not automatically reload global library macros
2005-12-13 09:50:27,892 - Velocimacro : initialization complete.
2005-12-13 09:50:27,892 - Velocity successfully started.
2005-12-13 09:50:28,231 - ResourceManager : found /atom.vm with loader org.apache.velocity.runtime.resource.loader.ClasspathResourceLoader
2005-12-13 09:50:28,243 - org.apache.velocity.runtime.exception.ReferenceException: reference : template = /atom.vm [line 6,column 50] : $baseUrl is not a valid reference.
